# JRE version: OpenJDK Runtime Environment (8.0_202) (build 1.8.0_202-release-1483-b49-5587405)
# Java VM: OpenJDK 64-Bit Server VM (25.202-b49-5587405 mixed mode linux-amd64 compressed oops)
Heap:
 PSYoungGen      total 331776K, used 0K [0x00000000eab00000, 0x0000000100000000, 0x0000000100000000)
  eden space 315904K, 0% used [0x00000000eab00000,0x00000000eab00000,0x00000000fdf80000)
  from space 15872K, 0% used [0x00000000fdf80000,0x00000000fdf80000,0x00000000fef00000)
  to   space 17408K, 0% used [0x00000000fef00000,0x00000000fef00000,0x0000000100000000)
 ParOldGen       total 203776K, used 143203K [0x00000000c0000000, 0x00000000cc700000, 0x00000000eab00000)
  object space 203776K, 70% used [0x00000000c0000000,0x00000000c8bd8c28,0x00000000cc700000)
 Metaspace       used 78501K, capacity 81702K, committed 82072K, reserved 1120256K
  class space    used 10413K, capacity 11040K, committed 11160K, reserved 1048576K
GC Heap History (10 events):
Event: 56,001 GC heap after
Heap after GC invocations=39 (full 4):
 PSYoungGen      total 329728K, used 5825K [0x00000000eab00000, 0x00000000fff00000, 0x0000000100000000)
  eden space 311296K, 0% used [0x00000000eab00000,0x00000000eab00000,0x00000000fdb00000)
  from space 18432K, 31% used [0x00000000fdb00000,0x00000000fe0b0520,0x00000000fed00000)
  to   space 17920K, 0% used [0x00000000fed80000,0x00000000fed80000,0x00000000fff00000)
 ParOldGen       total 203776K, used 89344K [0x00000000c0000000, 0x00000000cc700000, 0x00000000eab00000)
  object space 203776K, 43% used [0x00000000c0000000,0x00000000c5740250,0x00000000cc700000)
 Metaspace       used 77333K, capacity 80388K, committed 81304K, reserved 1120256K
  class space    used 10292K, capacity 10923K, committed 11160K, reserved 1048576K
}
Event: 57,103 GC heap before
{Heap before GC invocations=40 (full 4):
 PSYoungGen      total 329728K, used 317121K [0x00000000eab00000, 0x00000000fff00000, 0x0000000100000000)
  eden space 311296K, 100% used [0x00000000eab00000,0x00000000fdb00000,0x00000000fdb00000)
  from space 18432K, 31% used [0x00000000fdb00000,0x00000000fe0b0520,0x00000000fed00000)
  to   space 17920K, 0% used [0x00000000fed80000,0x00000000fed80000,0x00000000fff00000)
 ParOldGen       total 203776K, used 89344K [0x00000000c0000000, 0x00000000cc700000, 0x00000000eab00000)
  object space 203776K, 43% used [0x00000000c0000000,0x00000000c5740250,0x00000000cc700000)
 Metaspace       used 77336K, capacity 80388K, committed 81304K, reserved 1120256K
  class space    used 10292K, capacity 10923K, committed 11160K, reserved 1048576K
Event: 57,148 GC heap after
Heap after GC invocations=40 (full 4):
 PSYoungGen      total 329216K, used 6560K [0x00000000eab00000, 0x00000000ffd80000, 0x0000000100000000)
  eden space 312832K, 0% used [0x00000000eab00000,0x00000000eab00000,0x00000000fdc80000)
  from space 16384K, 40% used [0x00000000fed80000,0x00000000ff3e8010,0x00000000ffd80000)
  to   space 16896K, 0% used [0x00000000fdc80000,0x00000000fdc80000,0x00000000fed00000)
 ParOldGen       total 203776K, used 94132K [0x00000000c0000000, 0x00000000cc700000, 0x00000000eab00000)
  object space 203776K, 46% used [0x00000000c0000000,0x00000000c5bed270,0x00000000cc700000)
 Metaspace       used 77336K, capacity 80388K, committed 81304K, reserved 1120256K
  class space    used 10292K, capacity 10923K, committed 11160K, reserved 1048576K
}
Event: 58,431 GC heap before
{Heap before GC invocations=41 (full 4):
 PSYoungGen      total 329216K, used 319392K [0x00000000eab00000, 0x00000000ffd80000, 0x0000000100000000)
  eden space 312832K, 100% used [0x00000000eab00000,0x00000000fdc80000,0x00000000fdc80000)
  from space 16384K, 40% used [0x00000000fed80000,0x00000000ff3e8010,0x00000000ffd80000)
  to   space 16896K, 0% used [0x00000000fdc80000,0x00000000fdc80000,0x00000000fed00000)
 ParOldGen       total 203776K, used 94132K [0x00000000c0000000, 0x00000000cc700000, 0x00000000eab00000)
  object space 203776K, 46% used [0x00000000c0000000,0x00000000c5bed270,0x00000000cc700000)
 Metaspace       used 77365K, capacity 80398K, committed 81304K, reserved 1120256K
  class space    used 10296K, capacity 10924K, committed 11160K, reserved 1048576K
Event: 58,471 GC heap after
Heap after GC invocations=41 (full 4):
 PSYoungGen      total 329728K, used 6240K [0x00000000eab00000, 0x00000000fff80000, 0x0000000100000000)
  eden space 312832K, 0% used [0x00000000eab00000,0x00000000eab00000,0x00000000fdc80000)
  from space 16896K, 36% used [0x00000000fdc80000,0x00000000fe298060,0x00000000fed00000)
  to   space 16384K, 0% used [0x00000000fef80000,0x00000000fef80000,0x00000000fff80000)
 ParOldGen       total 203776K, used 98959K [0x00000000c0000000, 0x00000000cc700000, 0x00000000eab00000)
  object space 203776K, 48% used [0x00000000c0000000,0x00000000c60a3e00,0x00000000cc700000)
 Metaspace       used 77365K, capacity 80398K, committed 81304K, reserved 1120256K
  class space    used 10296K, capacity 10924K, committed 11160K, reserved 1048576K
}
Event: 60,548 GC heap before
{Heap before GC invocations=42 (full 4):
 PSYoungGen      total 329728K, used 319072K [0x00000000eab00000, 0x00000000fff80000, 0x0000000100000000)
  eden space 312832K, 100% used [0x00000000eab00000,0x00000000fdc80000,0x00000000fdc80000)
  from space 16896K, 36% used [0x00000000fdc80000,0x00000000fe298060,0x00000000fed00000)
  to   space 16384K, 0% used [0x00000000fef80000,0x00000000fef80000,0x00000000fff80000)
 ParOldGen       total 203776K, used 98959K [0x00000000c0000000, 0x00000000cc700000, 0x00000000eab00000)
  object space 203776K, 48% used [0x00000000c0000000,0x00000000c60a3e00,0x00000000cc700000)
 Metaspace       used 77761K, capacity 80828K, committed 81560K, reserved 1120256K
  class space    used 10340K, capacity 10985K, committed 11160K, reserved 1048576K
Event: 60,609 GC heap after
Heap after GC invocations=42 (full 4):
 PSYoungGen      total 331264K, used 8493K [0x00000000eab00000, 0x00000000ffe80000, 0x0000000100000000)
  eden space 315904K, 0% used [0x00000000eab00000,0x00000000eab00000,0x00000000fdf80000)
  from space 15360K, 55% used [0x00000000fef80000,0x00000000ff7cb7b8,0x00000000ffe80000)
  to   space 15872K, 0% used [0x00000000fdf80000,0x00000000fdf80000,0x00000000fef00000)
 ParOldGen       total 203776K, used 104655K [0x00000000c0000000, 0x00000000cc700000, 0x00000000eab00000)
  object space 203776K, 51% used [0x00000000c0000000,0x00000000c6633f10,0x00000000cc700000)
 Metaspace       used 77761K, capacity 80828K, committed 81560K, reserved 1120256K
  class space    used 10340K, capacity 10985K, committed 11160K, reserved 1048576K
}
Event: 64,221 GC heap before
{Heap before GC invocations=43 (full 4):
 PSYoungGen      total 331264K, used 324397K [0x00000000eab00000, 0x00000000ffe80000, 0x0000000100000000)
  eden space 315904K, 100% used [0x00000000eab00000,0x00000000fdf80000,0x00000000fdf80000)
  from space 15360K, 55% used [0x00000000fef80000,0x00000000ff7cb7b8,0x00000000ffe80000)
  to   space 15872K, 0% used [0x00000000fdf80000,0x00000000fdf80000,0x00000000fef00000)
 ParOldGen       total 203776K, used 104655K [0x00000000c0000000, 0x00000000cc700000, 0x00000000eab00000)
  object space 203776K, 51% used [0x00000000c0000000,0x00000000c6633f10,0x00000000cc700000)
 Metaspace       used 78521K, capacity 81756K, committed 82072K, reserved 1120256K
  class space    used 10420K, capacity 11053K, committed 11160K, reserved 1048576K
Event: 64,405 GC heap after
Heap after GC invocations=43 (full 4):
 PSYoungGen      total 331776K, used 15858K [0x00000000eab00000, 0x0000000100000000, 0x0000000100000000)
  eden space 315904K, 0% used [0x00000000eab00000,0x00000000eab00000,0x00000000fdf80000)
  from space 15872K, 99% used [0x00000000fdf80000,0x00000000feefc900,0x00000000fef00000)
  to   space 17408K, 0% used [0x00000000fef00000,0x00000000fef00000,0x0000000100000000)
 ParOldGen       total 203776K, used 172342K [0x00000000c0000000, 0x00000000cc700000, 0x00000000eab00000)
  object space 203776K, 84% used [0x00000000c0000000,0x00000000ca84dab8,0x00000000cc700000)
 Metaspace       used 78521K, capacity 81756K, committed 82072K, reserved 1120256K
  class space    used 10420K, capacity 11053K, committed 11160K, reserved 1048576K
}
Event: 64,405 GC heap before
{Heap before GC invocations=44 (full 5):
 PSYoungGen      total 331776K, used 15858K [0x00000000eab00000, 0x0000000100000000, 0x0000000100000000)
  eden space 315904K, 0% used [0x00000000eab00000,0x00000000eab00000,0x00000000fdf80000)
  from space 15872K, 99% used [0x00000000fdf80000,0x00000000feefc900,0x00000000fef00000)
  to   space 17408K, 0% used [0x00000000fef00000,0x00000000fef00000,0x0000000100000000)
 ParOldGen       total 203776K, used 172342K [0x00000000c0000000, 0x00000000cc700000, 0x00000000eab00000)
  object space 203776K, 84% used [0x00000000c0000000,0x00000000ca84dab8,0x00000000cc700000)
 Metaspace       used 78521K, capacity 81756K, committed 82072K, reserved 1120256K
  class space    used 10420K, capacity 11053K, committed 11160K, reserved 1048576K

